Loading source file src/com/jimweller/cpuscheduler/Process.java...
Loading source file src/com/jimweller/cpuscheduler/SchedulingAlgorithm.java...
Loading source file src/com/jimweller/cpuscheduler/BaseSchedulingAlgorithm.java...
Loading source file src/com/jimweller/cpuscheduler/OptionallyPreemptiveSchedulingAlgorithm.java...
Loading source file src/com/jimweller/cpuscheduler/BetterFileFilter.java...
Loading source file src/com/jimweller/cpuscheduler/CPUScheduler.java...
Loading source file src/com/jimweller/cpuscheduler/MainFileLoader.java...
Loading source file src/com/jimweller/cpuscheduler/RandomSchedulingAlgorithm.java...
Loading source file src/com/jimweller/cpuscheduler/FCFSSchedulingAlgorithm.java...
Loading source file src/com/jimweller/cpuscheduler/SJFSchedulingAlgorithm.java...
Loading source file src/com/jimweller/cpuscheduler/PrioritySchedulingAlgorithm.java...
Loading source file src/com/jimweller/cpuscheduler/RoundRobinSchedulingAlgorithm.java...
Constructing Javadoc information...
Standard Doclet version 1.7.0_171
Building tree for all the packages and classes...
Generating javadocs/com/jimweller/cpuscheduler/BaseSchedulingAlgorithm.html...
Generating javadocs/com/jimweller/cpuscheduler/BetterFileFilter.html...
Generating javadocs/com/jimweller/cpuscheduler/CPUScheduler.html...
Generating javadocs/com/jimweller/cpuscheduler/FCFSSchedulingAlgorithm.html...
Generating javadocs/com/jimweller/cpuscheduler/MainFileLoader.html...
Generating javadocs/com/jimweller/cpuscheduler/OptionallyPreemptiveSchedulingAlgorithm.html...
Generating javadocs/com/jimweller/cpuscheduler/PrioritySchedulingAlgorithm.html...
Generating javadocs/com/jimweller/cpuscheduler/PrioritySchedulingAlgorithm.PriorityComparator.html...
Generating javadocs/com/jimweller/cpuscheduler/Process.html...
Generating javadocs/com/jimweller/cpuscheduler/RandomSchedulingAlgorithm.html...
Generating javadocs/com/jimweller/cpuscheduler/RoundRobinSchedulingAlgorithm.html...
Generating javadocs/com/jimweller/cpuscheduler/RoundRobinSchedulingAlgorithm.PIDComparator.html...
Generating javadocs/com/jimweller/cpuscheduler/SchedulingAlgorithm.html...
Generating javadocs/com/jimweller/cpuscheduler/SJFSchedulingAlgorithm.html...
Generating javadocs/com/jimweller/cpuscheduler/SJFSchedulingAlgorithm.SJFComparator.html...
Generating javadocs/com/jimweller/cpuscheduler/package-frame.html...
Generating javadocs/com/jimweller/cpuscheduler/package-summary.html...
Generating javadocs/com/jimweller/cpuscheduler/package-tree.html...
Generating javadocs/constant-values.html...
Building index for all the packages and classes...
Generating javadocs/overview-tree.html...
Generating javadocs/index-all.html...
Generating javadocs/deprecated-list.html...
Building index for all classes...
Generating javadocs/allclasses-frame.html...
Generating javadocs/allclasses-noframe.html...
Generating javadocs/index.html...
Generating javadocs/help-doc.html...
12 warnings
